{
  "RSpec": {
    "coverage": {
      "/Users/kalle/Desktop/RubyOnRails/ratebeer/app/controllers/application_controller.rb": [
        1,
        1,
        1,
        1,
        94,
        null,
        1,
        16,
        null,
        1,
        2,
        null,
        1,
        0,
        null,
        null
      ],
      "/Users/kalle/Desktop/RubyOnRails/ratebeer/app/helpers/application_helper.rb": [
        1,
        null
      ],
      "/Users/kalle/Desktop/RubyOnRails/ratebeer/app/helpers/beer_clubs_helper.rb": [
        1,
        null
      ],
      "/Users/kalle/Desktop/RubyOnRails/ratebeer/app/helpers/beers_helper.rb": [
        1,
        null
      ],
      "/Users/kalle/Desktop/RubyOnRails/ratebeer/app/helpers/breweries_helper.rb": [
        1,
        null
      ],
      "/Users/kalle/Desktop/RubyOnRails/ratebeer/app/helpers/memberships_helper.rb": [
        1,
        null
      ],
      "/Users/kalle/Desktop/RubyOnRails/ratebeer/app/helpers/styles_helper.rb": [
        1,
        null
      ],
      "/Users/kalle/Desktop/RubyOnRails/ratebeer/app/helpers/users_helper.rb": [
        1,
        null
      ],
      "/Users/kalle/Desktop/RubyOnRails/ratebeer/app/controllers/beer_clubs_controller.rb": [
        1,
        null,
        null,
        1,
        1,
        0,
        null,
        0,
        0,
        0,
        null,
        null,
        null,
        null,
        null,
        1,
        0,
        null,
        0,
        0,
        0,
        null,
        null,
        1,
        0,
        0,
        0,
        null,
        0,
        null,
        1,
        0,
        0,
        0,
        0,
        null,
        0,
        0,
        null,
        null,
        null,
        null,
        1,
        0,
        0,
        0,
        0,
        null,
        null,
        null,
        null,
        1,
        0,
        null,
        null,
        null,
        null,
        1,
        0,
        null,
        0,
        0,
        0,
        0,
        null,
        0,
        0,
        null,
        null,
        null,
        null,
        null,
        null,
        1,
        0,
        null,
        0,
        0,
        0,
        0,
        null,
        0,
        0,
        null,
        null,
        null,
        null,
        null,
        null,
        1,
        0,
        0,
        null,
        0,
        0,
        0,
        null,
        null,
        null
      ],
      "/Users/kalle/Desktop/RubyOnRails/ratebeer/app/models/beer_club.rb": [
        1,
        1,
        1,
        1,
        1,
        0,
        null,
        null
      ],
      "/Users/kalle/Desktop/RubyOnRails/ratebeer/app/controllers/beers_controller.rb": [
        1,
        null,
        null,
        1,
        1,
        1,
        2,
        2,
        2,
        null,
        1,
        1,
        null,
        1,
        1,
        1,
        null,
        null,
        null,
        null,
        null,
        1,
        0,
        0,
        0,
        0,
        null,
        null,
        null,
        null,
        null,
        1,
        1,
        1,
        1,
        null,
        null,
        null,
        null,
        1,
        null,
        null,
        null,
        null,
        1,
        1,
        1,
        1,
        null,
        0,
        null,
        null,
        null,
        null,
        null,
        1,
        0,
        0,
        0,
        null,
        0,
        null,
        null,
        null,
        null,
        null,
        1,
        0,
        0,
        null,
        0,
        0,
        0,
        null,
        null,
        null
      ],
      "/Users/kalle/Desktop/RubyOnRails/ratebeer/app/models/beer.rb": [
        1,
        1,
        1,
        1,
        1,
        1,
        1,
        1,
        1,
        0,
        null,
        null
      ],
      "/Users/kalle/Desktop/RubyOnRails/ratebeer/lib/rating_average.rb": [
        1,
        1,
        null,
        null,
        null,
        null,
        null,
        12,
        8,
        null,
        4,
        4,
        4,
        null,
        4,
        null,
        null
      ],
      "/Users/kalle/Desktop/RubyOnRails/ratebeer/app/controllers/breweries_controller.rb": [
        1,
        null,
        null,
        1,
        1,
        1,
        0,
        0,
        0,
        null,
        null,
        1,
        3,
        null,
        3,
        3,
        3,
        null,
        null,
        null,
        null,
        null,
        1,
        1,
        null,
        1,
        1,
        1,
        null,
        null,
        null,
        null,
        null,
        1,
        0,
        null,
        0,
        0,
        0,
        null,
        null,
        null,
        null,
        1,
        0,
        null,
        null,
        null,
        null,
        1,
        0,
        0,
        0,
        0,
        0,
        null,
        0,
        0,
        null,
        0,
        null,
        null,
        null,
        null,
        null,
        1,
        0,
        0,
        0,
        0,
        0,
        null,
        0,
        0,
        null,
        0,
        null,
        null,
        null,
        null,
        null,
        1,
        0,
        0,
        null,
        0,
        0,
        0,
        null,
        null,
        null
      ],
      "/Users/kalle/Desktop/RubyOnRails/ratebeer/app/models/brewery.rb": [
        1,
        1,
        1,
        1,
        1,
        1,
        null,
        null,
        null,
        1,
        null
      ],
      "/Users/kalle/Desktop/RubyOnRails/ratebeer/app/controllers/memberships_controller.rb": [
        1,
        null,
        null,
        1,
        0,
        null,
        0,
        0,
        0,
        null,
        null,
        null,
        null,
        null,
        1,
        0,
        null,
        0,
        0,
        0,
        null,
        null,
        null,
        null,
        null,
        1,
        0,
        null,
        0,
        0,
        0,
        null,
        null,
        null,
        null,
        1,
        0,
        null,
        null,
        null,
        null,
        1,
        0,
        null,
        0,
        0,
        0,
        0,
        null,
        0,
        0,
        null,
        null,
        null,
        null,
        null,
        null,
        1,
        0,
        null,
        0,
        0,
        0,
        0,
        null,
        0,
        0,
        null,
        null,
        null,
        null,
        null,
        null,
        1,
        0,
        0,
        null,
        0,
        0,
        0,
        null,
        null,
        null
      ],
      "/Users/kalle/Desktop/RubyOnRails/ratebeer/app/models/membership.rb": [
        1,
        1,
        1,
        1,
        1,
        null
      ],
      "/Users/kalle/Desktop/RubyOnRails/ratebeer/app/controllers/ratings_controller.rb": [
        1,
        1,
        1,
        1,
        1,
        null,
        1,
        0,
        0,
        null,
        0,
        0,
        0,
        null,
        null,
        1,
        0,
        0,
        null,
        0,
        0,
        0,
        0,
        null,
        0,
        0,
        null,
        null,
        null,
        1,
        1,
        1,
        1,
        null,
        1,
        null,
        null
      ],
      "/Users/kalle/Desktop/RubyOnRails/ratebeer/app/models/rating.rb": [
        1,
        1,
        1,
        1,
        1,
        1,
        null,
        null,
        null,
        null,
        1,
        5,
        null,
        null
      ],
      "/Users/kalle/Desktop/RubyOnRails/ratebeer/app/controllers/sessions_controller.rb": [
        1,
        1,
        8,
        null,
        1,
        7,
        7,
        1,
        1,
        null,
        6,
        6,
        null,
        1,
        0,
        0,
        null,
        null
      ],
      "/Users/kalle/Desktop/RubyOnRails/ratebeer/app/controllers/styles_controller.rb": [
        1,
        null,
        null,
        1,
        1,
        null,
        1,
        1,
        1,
        null,
        null,
        null,
        null,
        null,
        1,
        0,
        null,
        0,
        0,
        0,
        null,
        null,
        null,
        null,
        null,
        1,
        0,
        null,
        0,
        0,
        0,
        null,
        null,
        null,
        null,
        1,
        0,
        null,
        null,
        null,
        null,
        1,
        0,
        null,
        0,
        0,
        0,
        0,
        null,
        0,
        0,
        null,
        null,
        null,
        null,
        null,
        null,
        1,
        0,
        null,
        0,
        0,
        0,
        0,
        null,
        0,
        0,
        null,
        null,
        null,
        null,
        null,
        null,
        1,
        0,
        0,
        null,
        0,
        0,
        0,
        null,
        null,
        null
      ],
      "/Users/kalle/Desktop/RubyOnRails/ratebeer/app/models/style.rb": [
        1,
        1,
        1,
        1,
        6,
        null,
        null
      ],
      "/Users/kalle/Desktop/RubyOnRails/ratebeer/app/controllers/users_controller.rb": [
        1,
        null,
        null,
        1,
        0,
        0,
        0,
        0,
        null,
        null,
        null,
        null,
        null,
        1,
        11,
        11,
        11,
        11,
        null,
        null,
        null,
        null,
        null,
        1,
        0,
        null,
        null,
        null,
        1,
        0,
        0,
        0,
        null,
        null,
        null,
        null,
        null,
        1,
        0,
        0,
        0,
        0,
        null,
        0,
        null,
        null,
        null,
        null,
        null,
        1,
        0,
        0,
        0,
        0,
        null,
        0,
        0,
        0,
        0,
        null,
        0,
        null,
        null,
        null,
        null,
        null,
        1,
        0,
        0,
        0,
        null,
        0,
        null,
        null,
        null
      ],
      "/Users/kalle/Desktop/RubyOnRails/ratebeer/app/models/user.rb": [
        1,
        1,
        1,
        1,
        1,
        1,
        1,
        1,
        1,
        1,
        1,
        1,
        1,
        1,
        null,
        1,
        5,
        5,
        5,
        5,
        5,
        5,
        5,
        5,
        5,
        null,
        null,
        null,
        5,
        null,
        1,
        6,
        6,
        6,
        6,
        6,
        6,
        6,
        6,
        6,
        null,
        null,
        null,
        6,
        null,
        1,
        1,
        6,
        6,
        6,
        6,
        6,
        6,
        null,
        null,
        6,
        null,
        1,
        5,
        5,
        5,
        5,
        5,
        5,
        null,
        null,
        5,
        null,
        null
      ]
    },
    "timestamp": 1391529781
  }
}
